Apr 12 2019 18:27:07
{"type":2,"message":"include(): Failed opening 'ElementorPro\/Modules\/Woocommerce\/Conditions\/Product_Search.php' for inclusion (include_path='.:\/usr\/local\/php5_6\/lib\/php')","file":"\/home\/content\/p3pnexwpnas10_data02\/06\/42461606\/html\/wp-content\/plugins\/wp-defender\/vendor\/hammer\/vendor\/maxmind-db\/reader\/autoload.php","line":40}

Apr 12 2019 18:27:09
{"type":2,"message":"include(): Failed opening 'ElementorPro\/Modules\/Woocommerce\/Conditions\/Product_Search.php' for inclusion (include_path='.:\/usr\/local\/php5_6\/lib\/php')","file":"\/home\/content\/p3pnexwpnas10_data02\/06\/42461606\/html\/wp-content\/plugins\/wp-defender\/vendor\/hammer\/vendor\/maxmind-db\/reader\/autoload.php","line":40}

Apr 12 2019 18:27:12
{"type":2,"message":"include(): Failed opening 'ElementorPro\/Modules\/Woocommerce\/Conditions\/Product_Search.php' for inclusion (include_path='.:\/usr\/local\/php5_6\/lib\/php')","file":"\/home\/content\/p3pnexwpnas10_data02\/06\/42461606\/html\/wp-content\/plugins\/wp-defender\/vendor\/hammer\/vendor\/maxmind-db\/reader\/autoload.php","line":40}

Apr 12 2019 18:27:13
{"type":2,"message":"include(): Failed opening 'ElementorPro\/Modules\/Woocommerce\/Conditions\/Product_Search.php' for inclusion (include_path='.:\/usr\/local\/php5_6\/lib\/php')","file":"\/home\/content\/p3pnexwpnas10_data02\/06\/42461606\/html\/wp-content\/plugins\/wp-defender\/vendor\/hammer\/vendor\/maxmind-db\/reader\/autoload.php","line":40}

Apr 12 2019 18:27:21
{"type":2,"message":"include(): Failed opening 'ElementorPro\/Modules\/Woocommerce\/Conditions\/Product_Search.php' for inclusion (include_path='.:\/usr\/local\/php5_6\/lib\/php')","file":"\/home\/content\/p3pnexwpnas10_data02\/06\/42461606\/html\/wp-content\/plugins\/wp-defender\/vendor\/hammer\/vendor\/maxmind-db\/reader\/autoload.php","line":40}

Apr 12 2019 18:27:35
{"type":2,"message":"include(): Failed opening 'ElementorPro\/Modules\/Woocommerce\/Conditions\/Product_Search.php' for inclusion (include_path='.:\/usr\/local\/php5_6\/lib\/php')","file":"\/home\/content\/p3pnexwpnas10_data02\/06\/42461606\/html\/wp-content\/plugins\/wp-defender\/vendor\/hammer\/vendor\/maxmind-db\/reader\/autoload.php","line":40}

Apr 12 2019 18:27:53
{"type":2,"message":"include(): Failed opening 'ElementorPro\/Modules\/Woocommerce\/Conditions\/Product_Search.php' for inclusion (include_path='.:\/usr\/local\/php5_6\/lib\/php')","file":"\/home\/content\/p3pnexwpnas10_data02\/06\/42461606\/html\/wp-content\/plugins\/wp-defender\/vendor\/hammer\/vendor\/maxmind-db\/reader\/autoload.php","line":40}

Apr 12 2019 18:28:08
{"type":2,"message":"include(): Failed opening 'ElementorPro\/Modules\/Woocommerce\/Conditions\/Product_Search.php' for inclusion (include_path='.:\/usr\/local\/php5_6\/lib\/php')","file":"\/home\/content\/p3pnexwpnas10_data02\/06\/42461606\/html\/wp-content\/plugins\/wp-defender\/vendor\/hammer\/vendor\/maxmind-db\/reader\/autoload.php","line":40}

Apr 12 2019 18:28:23
{"type":2,"message":"include(): Failed opening 'ElementorPro\/Modules\/Woocommerce\/Conditions\/Product_Search.php' for inclusion (include_path='.:\/usr\/local\/php5_6\/lib\/php')","file":"\/home\/content\/p3pnexwpnas10_data02\/06\/42461606\/html\/wp-content\/plugins\/wp-defender\/vendor\/hammer\/vendor\/maxmind-db\/reader\/autoload.php","line":40}

Apr 12 2019 18:28:35
{"type":2,"message":"include(): Failed opening 'ElementorPro\/Modules\/Woocommerce\/Conditions\/Product_Search.php' for inclusion (include_path='.:\/usr\/local\/php5_6\/lib\/php')","file":"\/home\/content\/p3pnexwpnas10_data02\/06\/42461606\/html\/wp-content\/plugins\/wp-defender\/vendor\/hammer\/vendor\/maxmind-db\/reader\/autoload.php","line":40}

Apr 12 2019 18:28:51
{"type":2,"message":"include(): Failed opening 'ElementorPro\/Modules\/Woocommerce\/Conditions\/Product_Search.php' for inclusion (include_path='.:\/usr\/local\/php5_6\/lib\/php')","file":"\/home\/content\/p3pnexwpnas10_data02\/06\/42461606\/html\/wp-content\/plugins\/wp-defender\/vendor\/hammer\/vendor\/maxmind-db\/reader\/autoload.php","line":40}

Apr 12 2019 18:29:06
{"type":2,"message":"include(): Failed opening 'ElementorPro\/Modules\/Woocommerce\/Conditions\/Product_Search.php' for inclusion (include_path='.:\/usr\/local\/php5_6\/lib\/php')","file":"\/home\/content\/p3pnexwpnas10_data02\/06\/42461606\/html\/wp-content\/plugins\/wp-defender\/vendor\/hammer\/vendor\/maxmind-db\/reader\/autoload.php","line":40}

Apr 12 2019 18:29:18
{"type":2,"message":"include(): Failed opening 'ElementorPro\/Modules\/Woocommerce\/Conditions\/Product_Search.php' for inclusion (include_path='.:\/usr\/local\/php5_6\/lib\/php')","file":"\/home\/content\/p3pnexwpnas10_data02\/06\/42461606\/html\/wp-content\/plugins\/wp-defender\/vendor\/hammer\/vendor\/maxmind-db\/reader\/autoload.php","line":40}

Apr 12 2019 18:29:27
{"type":2,"message":"include(): Failed opening 'ElementorPro\/Modules\/Woocommerce\/Conditions\/Product_Search.php' for inclusion (include_path='.:\/usr\/local\/php5_6\/lib\/php')","file":"\/home\/content\/p3pnexwpnas10_data02\/06\/42461606\/html\/wp-content\/plugins\/wp-defender\/vendor\/hammer\/vendor\/maxmind-db\/reader\/autoload.php","line":40}

Apr 12 2019 18:29:41
{"type":2,"message":"include(): Failed opening 'ElementorPro\/Modules\/Woocommerce\/Conditions\/Product_Search.php' for inclusion (include_path='.:\/usr\/local\/php5_6\/lib\/php')","file":"\/home\/content\/p3pnexwpnas10_data02\/06\/42461606\/html\/wp-content\/plugins\/wp-defender\/vendor\/hammer\/vendor\/maxmind-db\/reader\/autoload.php","line":40}

Apr 12 2019 18:29:56
{"type":2,"message":"include(): Failed opening 'ElementorPro\/Modules\/Woocommerce\/Conditions\/Product_Search.php' for inclusion (include_path='.:\/usr\/local\/php5_6\/lib\/php')","file":"\/home\/content\/p3pnexwpnas10_data02\/06\/42461606\/html\/wp-content\/plugins\/wp-defender\/vendor\/hammer\/vendor\/maxmind-db\/reader\/autoload.php","line":40}

Apr 12 2019 18:29:58
{"type":2,"message":"include(): Failed opening 'ElementorPro\/Modules\/Woocommerce\/Conditions\/Product_Search.php' for inclusion (include_path='.:\/usr\/local\/php5_6\/lib\/php')","file":"\/home\/content\/p3pnexwpnas10_data02\/06\/42461606\/html\/wp-content\/plugins\/wp-defender\/vendor\/hammer\/vendor\/maxmind-db\/reader\/autoload.php","line":40}

Apr 12 2019 18:30:00
{"type":2,"message":"include(): Failed opening 'ElementorPro\/Modules\/Woocommerce\/Conditions\/Product_Search.php' for inclusion (include_path='.:\/usr\/local\/php5_6\/lib\/php')","file":"\/home\/content\/p3pnexwpnas10_data02\/06\/42461606\/html\/wp-content\/plugins\/wp-defender\/vendor\/hammer\/vendor\/maxmind-db\/reader\/autoload.php","line":40}

Apr 16 2019 09:44:22
{"type":8,"message":"Undefined index: use_custom_fields","file":"\/home\/content\/p3pnexwpnas10_data02\/06\/42461606\/html\/wp-content\/plugins\/wpmu_dev_maps_plugin\/inc\/class-agm-admin-maps.php","line":706}

Apr 16 2019 09:44:24
{"type":8,"message":"Undefined index: use_custom_fields","file":"\/home\/content\/p3pnexwpnas10_data02\/06\/42461606\/html\/wp-content\/plugins\/wpmu_dev_maps_plugin\/inc\/class-agm-admin-maps.php","line":706}

Apr 16 2019 09:44:25
{"type":8,"message":"Undefined index: use_custom_fields","file":"\/home\/content\/p3pnexwpnas10_data02\/06\/42461606\/html\/wp-content\/plugins\/wpmu_dev_maps_plugin\/inc\/class-agm-admin-maps.php","line":706}

Apr 16 2019 09:44:27
{"type":8,"message":"Undefined index: use_custom_fields","file":"\/home\/content\/p3pnexwpnas10_data02\/06\/42461606\/html\/wp-content\/plugins\/wpmu_dev_maps_plugin\/inc\/class-agm-admin-maps.php","line":706}

Apr 16 2019 09:44:41
{"type":8,"message":"Undefined index: use_custom_fields","file":"\/home\/content\/p3pnexwpnas10_data02\/06\/42461606\/html\/wp-content\/plugins\/wpmu_dev_maps_plugin\/inc\/class-agm-admin-maps.php","line":706}

Apr 16 2019 09:44:55
{"type":8,"message":"Undefined index: use_custom_fields","file":"\/home\/content\/p3pnexwpnas10_data02\/06\/42461606\/html\/wp-content\/plugins\/wpmu_dev_maps_plugin\/inc\/class-agm-admin-maps.php","line":706}

Apr 16 2019 09:45:10
{"type":8,"message":"Undefined index: use_custom_fields","file":"\/home\/content\/p3pnexwpnas10_data02\/06\/42461606\/html\/wp-content\/plugins\/wpmu_dev_maps_plugin\/inc\/class-agm-admin-maps.php","line":706}

Apr 16 2019 09:45:30
{"type":8,"message":"Undefined index: use_custom_fields","file":"\/home\/content\/p3pnexwpnas10_data02\/06\/42461606\/html\/wp-content\/plugins\/wpmu_dev_maps_plugin\/inc\/class-agm-admin-maps.php","line":706}

Apr 16 2019 09:45:45
{"type":8,"message":"Undefined index: use_custom_fields","file":"\/home\/content\/p3pnexwpnas10_data02\/06\/42461606\/html\/wp-content\/plugins\/wpmu_dev_maps_plugin\/inc\/class-agm-admin-maps.php","line":706}

Apr 16 2019 09:46:02
{"type":8,"message":"Undefined index: use_custom_fields","file":"\/home\/content\/p3pnexwpnas10_data02\/06\/42461606\/html\/wp-content\/plugins\/wpmu_dev_maps_plugin\/inc\/class-agm-admin-maps.php","line":706}

Apr 16 2019 09:46:16
{"type":8,"message":"Undefined index: use_custom_fields","file":"\/home\/content\/p3pnexwpnas10_data02\/06\/42461606\/html\/wp-content\/plugins\/wpmu_dev_maps_plugin\/inc\/class-agm-admin-maps.php","line":706}

Apr 16 2019 09:46:31
{"type":8,"message":"Undefined index: use_custom_fields","file":"\/home\/content\/p3pnexwpnas10_data02\/06\/42461606\/html\/wp-content\/plugins\/wpmu_dev_maps_plugin\/inc\/class-agm-admin-maps.php","line":706}

Apr 16 2019 09:46:44
{"type":8,"message":"Undefined index: use_custom_fields","file":"\/home\/content\/p3pnexwpnas10_data02\/06\/42461606\/html\/wp-content\/plugins\/wpmu_dev_maps_plugin\/inc\/class-agm-admin-maps.php","line":706}

Apr 16 2019 09:46:48
{"type":8,"message":"Undefined index: use_custom_fields","file":"\/home\/content\/p3pnexwpnas10_data02\/06\/42461606\/html\/wp-content\/plugins\/wpmu_dev_maps_plugin\/inc\/class-agm-admin-maps.php","line":706}

Apr 16 2019 09:47:03
{"type":8,"message":"Undefined index: use_custom_fields","file":"\/home\/content\/p3pnexwpnas10_data02\/06\/42461606\/html\/wp-content\/plugins\/wpmu_dev_maps_plugin\/inc\/class-agm-admin-maps.php","line":706}

Apr 16 2019 09:47:07
{"type":8,"message":"Undefined index: use_custom_fields","file":"\/home\/content\/p3pnexwpnas10_data02\/06\/42461606\/html\/wp-content\/plugins\/wpmu_dev_maps_plugin\/inc\/class-agm-admin-maps.php","line":706}

Apr 16 2019 09:47:21
{"type":8,"message":"Undefined index: use_custom_fields","file":"\/home\/content\/p3pnexwpnas10_data02\/06\/42461606\/html\/wp-content\/plugins\/wpmu_dev_maps_plugin\/inc\/class-agm-admin-maps.php","line":706}

Apr 16 2019 09:47:23
{"type":8,"message":"Undefined index: use_custom_fields","file":"\/home\/content\/p3pnexwpnas10_data02\/06\/42461606\/html\/wp-content\/plugins\/wpmu_dev_maps_plugin\/inc\/class-agm-admin-maps.php","line":706}

Apr 16 2019 09:47:25
{"type":8,"message":"Undefined index: use_custom_fields","file":"\/home\/content\/p3pnexwpnas10_data02\/06\/42461606\/html\/wp-content\/plugins\/wpmu_dev_maps_plugin\/inc\/class-agm-admin-maps.php","line":706}

May 01 2019 15:25:21
{"type":8,"message":"Undefined index: use_custom_fields","file":"\/home\/content\/p3pnexwpnas10_data02\/06\/42461606\/html\/wp-content\/plugins\/wpmu_dev_maps_plugin\/inc\/class-agm-admin-maps.php","line":706}

May 01 2019 15:25:23
{"type":8,"message":"Undefined index: use_custom_fields","file":"\/home\/content\/p3pnexwpnas10_data02\/06\/42461606\/html\/wp-content\/plugins\/wpmu_dev_maps_plugin\/inc\/class-agm-admin-maps.php","line":706}

May 01 2019 15:25:25
{"type":8,"message":"Undefined index: use_custom_fields","file":"\/home\/content\/p3pnexwpnas10_data02\/06\/42461606\/html\/wp-content\/plugins\/wpmu_dev_maps_plugin\/inc\/class-agm-admin-maps.php","line":706}

May 01 2019 15:25:27
{"type":8,"message":"Undefined index: use_custom_fields","file":"\/home\/content\/p3pnexwpnas10_data02\/06\/42461606\/html\/wp-content\/plugins\/wpmu_dev_maps_plugin\/inc\/class-agm-admin-maps.php","line":706}

May 01 2019 15:25:36
{"type":8,"message":"Undefined index: use_custom_fields","file":"\/home\/content\/p3pnexwpnas10_data02\/06\/42461606\/html\/wp-content\/plugins\/wpmu_dev_maps_plugin\/inc\/class-agm-admin-maps.php","line":706}

May 01 2019 15:25:50
{"type":8,"message":"Undefined index: use_custom_fields","file":"\/home\/content\/p3pnexwpnas10_data02\/06\/42461606\/html\/wp-content\/plugins\/wpmu_dev_maps_plugin\/inc\/class-agm-admin-maps.php","line":706}

May 01 2019 15:26:02
{"type":8,"message":"Undefined index: use_custom_fields","file":"\/home\/content\/p3pnexwpnas10_data02\/06\/42461606\/html\/wp-content\/plugins\/wpmu_dev_maps_plugin\/inc\/class-agm-admin-maps.php","line":706}

May 01 2019 15:26:11
{"Number":2,"Message":"rmdir(\/home\/content\/p3pnexwpnas10_data02\/06\/42461606\/html\/wp-content\/plugins\/all-in-one-wp-migration\/storage\/9ai3ondx79ty): Directory not empty","File":"\/home\/content\/p3pnexwpnas10_data02\/06\/42461606\/html\/wp-content\/plugins\/all-in-one-wp-migration\/lib\/vendor\/servmask\/filesystem\/class-ai1wm-directory.php","Line":64}

May 01 2019 15:26:11
{"type":8,"message":"Undefined index: use_custom_fields","file":"\/home\/content\/p3pnexwpnas10_data02\/06\/42461606\/html\/wp-content\/plugins\/wpmu_dev_maps_plugin\/inc\/class-agm-admin-maps.php","line":706}

May 01 2019 15:26:12
{"Number":2,"Message":"unlink(\/home\/content\/p3pnexwpnas10_data02\/06\/42461606\/html\/wp-content\/plugins\/all-in-one-wp-migration\/storage\/9ai3ondx79ty\/.nfs000000000283fc660005b0b9): Device or resource busy","File":"\/home\/content\/p3pnexwpnas10_data02\/06\/42461606\/html\/wp-content\/plugins\/all-in-one-wp-migration\/lib\/vendor\/servmask\/filesystem\/class-ai1wm-directory.php","Line":60}

May 01 2019 15:26:12
{"Number":2,"Message":"unlink(\/home\/content\/p3pnexwpnas10_data02\/06\/42461606\/html\/wp-content\/plugins\/all-in-one-wp-migration\/storage\/9ai3ondx79ty\/.nfs000000000283fc9b0005b0ba): Device or resource busy","File":"\/home\/content\/p3pnexwpnas10_data02\/06\/42461606\/html\/wp-content\/plugins\/all-in-one-wp-migration\/lib\/vendor\/servmask\/filesystem\/class-ai1wm-directory.php","Line":60}

May 01 2019 15:26:12
{"Number":2,"Message":"rmdir(\/home\/content\/p3pnexwpnas10_data02\/06\/42461606\/html\/wp-content\/plugins\/all-in-one-wp-migration\/storage\/9ai3ondx79ty): Directory not empty","File":"\/home\/content\/p3pnexwpnas10_data02\/06\/42461606\/html\/wp-content\/plugins\/all-in-one-wp-migration\/lib\/vendor\/servmask\/filesystem\/class-ai1wm-directory.php","Line":64}

May 01 2019 15:26:12
{"type":8,"message":"Undefined index: use_custom_fields","file":"\/home\/content\/p3pnexwpnas10_data02\/06\/42461606\/html\/wp-content\/plugins\/wpmu_dev_maps_plugin\/inc\/class-agm-admin-maps.php","line":706}

May 01 2019 15:26:14
{"Number":2,"Message":"filesize(): stat failed for \/home\/content\/p3pnexwpnas10_data02\/06\/42461606\/html\/wp-content\/plugins\/all-in-one-wp-migration\/storage\/9ai3ondx79ty\/60e.21e.mwp.accessdomain.com-20190501-152521-247.wpress","File":"\/home\/content\/p3pnexwpnas10_data02\/06\/42461606\/html\/wp-content\/plugins\/all-in-one-wp-migration\/lib\/vendor\/servmask\/archiver\/class-ai1wm-archiver.php","Line":231}

May 01 2019 15:26:15
{"type":8,"message":"Undefined index: use_custom_fields","file":"\/home\/content\/p3pnexwpnas10_data02\/06\/42461606\/html\/wp-content\/plugins\/wpmu_dev_maps_plugin\/inc\/class-agm-admin-maps.php","line":706}

May 01 2019 15:28:39
{"type":8,"message":"Undefined index: use_custom_fields","file":"\/home\/content\/p3pnexwpnas10_data02\/06\/42461606\/html\/wp-content\/plugins\/wpmu_dev_maps_plugin\/inc\/class-agm-admin-maps.php","line":706}

May 01 2019 15:28:41
{"type":8,"message":"Undefined index: use_custom_fields","file":"\/home\/content\/p3pnexwpnas10_data02\/06\/42461606\/html\/wp-content\/plugins\/wpmu_dev_maps_plugin\/inc\/class-agm-admin-maps.php","line":706}

May 01 2019 15:28:44
{"type":8,"message":"Undefined index: use_custom_fields","file":"\/home\/content\/p3pnexwpnas10_data02\/06\/42461606\/html\/wp-content\/plugins\/wpmu_dev_maps_plugin\/inc\/class-agm-admin-maps.php","line":706}

May 01 2019 15:28:46
{"type":8,"message":"Undefined index: use_custom_fields","file":"\/home\/content\/p3pnexwpnas10_data02\/06\/42461606\/html\/wp-content\/plugins\/wpmu_dev_maps_plugin\/inc\/class-agm-admin-maps.php","line":706}

May 01 2019 15:29:02
{"type":8,"message":"Undefined index: use_custom_fields","file":"\/home\/content\/p3pnexwpnas10_data02\/06\/42461606\/html\/wp-content\/plugins\/wpmu_dev_maps_plugin\/inc\/class-agm-admin-maps.php","line":706}

May 01 2019 15:29:21
{"type":8,"message":"Undefined index: use_custom_fields","file":"\/home\/content\/p3pnexwpnas10_data02\/06\/42461606\/html\/wp-content\/plugins\/wpmu_dev_maps_plugin\/inc\/class-agm-admin-maps.php","line":706}

May 01 2019 15:29:39
{"type":8,"message":"Undefined index: use_custom_fields","file":"\/home\/content\/p3pnexwpnas10_data02\/06\/42461606\/html\/wp-content\/plugins\/wpmu_dev_maps_plugin\/inc\/class-agm-admin-maps.php","line":706}

May 01 2019 15:29:55
{"type":8,"message":"Undefined index: use_custom_fields","file":"\/home\/content\/p3pnexwpnas10_data02\/06\/42461606\/html\/wp-content\/plugins\/wpmu_dev_maps_plugin\/inc\/class-agm-admin-maps.php","line":706}

May 01 2019 15:30:12
{"type":8,"message":"Undefined index: use_custom_fields","file":"\/home\/content\/p3pnexwpnas10_data02\/06\/42461606\/html\/wp-content\/plugins\/wpmu_dev_maps_plugin\/inc\/class-agm-admin-maps.php","line":706}

May 01 2019 15:30:28
{"type":8,"message":"Undefined index: use_custom_fields","file":"\/home\/content\/p3pnexwpnas10_data02\/06\/42461606\/html\/wp-content\/plugins\/wpmu_dev_maps_plugin\/inc\/class-agm-admin-maps.php","line":706}

May 01 2019 15:30:42
{"type":8,"message":"Undefined index: use_custom_fields","file":"\/home\/content\/p3pnexwpnas10_data02\/06\/42461606\/html\/wp-content\/plugins\/wpmu_dev_maps_plugin\/inc\/class-agm-admin-maps.php","line":706}

May 01 2019 15:30:55
{"type":8,"message":"Undefined index: use_custom_fields","file":"\/home\/content\/p3pnexwpnas10_data02\/06\/42461606\/html\/wp-content\/plugins\/wpmu_dev_maps_plugin\/inc\/class-agm-admin-maps.php","line":706}

May 01 2019 15:31:08
{"type":8,"message":"Undefined index: use_custom_fields","file":"\/home\/content\/p3pnexwpnas10_data02\/06\/42461606\/html\/wp-content\/plugins\/wpmu_dev_maps_plugin\/inc\/class-agm-admin-maps.php","line":706}

May 01 2019 15:31:10
{"type":8,"message":"Undefined index: use_custom_fields","file":"\/home\/content\/p3pnexwpnas10_data02\/06\/42461606\/html\/wp-content\/plugins\/wpmu_dev_maps_plugin\/inc\/class-agm-admin-maps.php","line":706}

May 01 2019 15:31:26
{"type":8,"message":"Undefined index: use_custom_fields","file":"\/home\/content\/p3pnexwpnas10_data02\/06\/42461606\/html\/wp-content\/plugins\/wpmu_dev_maps_plugin\/inc\/class-agm-admin-maps.php","line":706}

May 01 2019 15:31:36
{"type":8,"message":"Undefined index: use_custom_fields","file":"\/home\/content\/p3pnexwpnas10_data02\/06\/42461606\/html\/wp-content\/plugins\/wpmu_dev_maps_plugin\/inc\/class-agm-admin-maps.php","line":706}

May 01 2019 15:31:38
{"type":8,"message":"Undefined index: use_custom_fields","file":"\/home\/content\/p3pnexwpnas10_data02\/06\/42461606\/html\/wp-content\/plugins\/wpmu_dev_maps_plugin\/inc\/class-agm-admin-maps.php","line":706}

May 01 2019 15:31:40
{"type":8,"message":"Undefined index: use_custom_fields","file":"\/home\/content\/p3pnexwpnas10_data02\/06\/42461606\/html\/wp-content\/plugins\/wpmu_dev_maps_plugin\/inc\/class-agm-admin-maps.php","line":706}

May 03 2019 20:51:57
{"type":8,"message":"Undefined index: use_custom_fields","file":"\/home\/content\/p3pnexwpnas10_data02\/06\/42461606\/html\/wp-content\/plugins\/wpmu_dev_maps_plugin\/inc\/class-agm-admin-maps.php","line":706}

May 03 2019 20:52:00
{"type":8,"message":"Undefined index: use_custom_fields","file":"\/home\/content\/p3pnexwpnas10_data02\/06\/42461606\/html\/wp-content\/plugins\/wpmu_dev_maps_plugin\/inc\/class-agm-admin-maps.php","line":706}

May 03 2019 20:52:02
{"type":8,"message":"Undefined index: use_custom_fields","file":"\/home\/content\/p3pnexwpnas10_data02\/06\/42461606\/html\/wp-content\/plugins\/wpmu_dev_maps_plugin\/inc\/class-agm-admin-maps.php","line":706}

May 03 2019 20:52:04
{"type":8,"message":"Undefined index: use_custom_fields","file":"\/home\/content\/p3pnexwpnas10_data02\/06\/42461606\/html\/wp-content\/plugins\/wpmu_dev_maps_plugin\/inc\/class-agm-admin-maps.php","line":706}

May 03 2019 20:52:15
{"type":8,"message":"Undefined index: use_custom_fields","file":"\/home\/content\/p3pnexwpnas10_data02\/06\/42461606\/html\/wp-content\/plugins\/wpmu_dev_maps_plugin\/inc\/class-agm-admin-maps.php","line":706}

May 03 2019 20:52:28
{"type":8,"message":"Undefined index: use_custom_fields","file":"\/home\/content\/p3pnexwpnas10_data02\/06\/42461606\/html\/wp-content\/plugins\/wpmu_dev_maps_plugin\/inc\/class-agm-admin-maps.php","line":706}

May 03 2019 20:52:41
{"type":8,"message":"Undefined index: use_custom_fields","file":"\/home\/content\/p3pnexwpnas10_data02\/06\/42461606\/html\/wp-content\/plugins\/wpmu_dev_maps_plugin\/inc\/class-agm-admin-maps.php","line":706}

May 03 2019 20:53:03
{"type":8,"message":"Undefined index: use_custom_fields","file":"\/home\/content\/p3pnexwpnas10_data02\/06\/42461606\/html\/wp-content\/plugins\/wpmu_dev_maps_plugin\/inc\/class-agm-admin-maps.php","line":706}

May 03 2019 20:53:19
{"type":8,"message":"Undefined index: use_custom_fields","file":"\/home\/content\/p3pnexwpnas10_data02\/06\/42461606\/html\/wp-content\/plugins\/wpmu_dev_maps_plugin\/inc\/class-agm-admin-maps.php","line":706}

May 03 2019 20:53:35
{"type":8,"message":"Undefined index: use_custom_fields","file":"\/home\/content\/p3pnexwpnas10_data02\/06\/42461606\/html\/wp-content\/plugins\/wpmu_dev_maps_plugin\/inc\/class-agm-admin-maps.php","line":706}

May 03 2019 20:53:50
{"type":8,"message":"Undefined index: use_custom_fields","file":"\/home\/content\/p3pnexwpnas10_data02\/06\/42461606\/html\/wp-content\/plugins\/wpmu_dev_maps_plugin\/inc\/class-agm-admin-maps.php","line":706}

May 03 2019 20:54:06
{"type":8,"message":"Undefined index: use_custom_fields","file":"\/home\/content\/p3pnexwpnas10_data02\/06\/42461606\/html\/wp-content\/plugins\/wpmu_dev_maps_plugin\/inc\/class-agm-admin-maps.php","line":706}

May 03 2019 20:54:19
{"type":8,"message":"Undefined index: use_custom_fields","file":"\/home\/content\/p3pnexwpnas10_data02\/06\/42461606\/html\/wp-content\/plugins\/wpmu_dev_maps_plugin\/inc\/class-agm-admin-maps.php","line":706}

May 03 2019 20:54:33
{"type":8,"message":"Undefined index: use_custom_fields","file":"\/home\/content\/p3pnexwpnas10_data02\/06\/42461606\/html\/wp-content\/plugins\/wpmu_dev_maps_plugin\/inc\/class-agm-admin-maps.php","line":706}

May 03 2019 20:54:46
{"type":8,"message":"Undefined index: use_custom_fields","file":"\/home\/content\/p3pnexwpnas10_data02\/06\/42461606\/html\/wp-content\/plugins\/wpmu_dev_maps_plugin\/inc\/class-agm-admin-maps.php","line":706}

May 03 2019 20:54:51
{"type":8,"message":"Undefined index: use_custom_fields","file":"\/home\/content\/p3pnexwpnas10_data02\/06\/42461606\/html\/wp-content\/plugins\/wpmu_dev_maps_plugin\/inc\/class-agm-admin-maps.php","line":706}

May 03 2019 20:55:09
{"type":8,"message":"Undefined index: use_custom_fields","file":"\/home\/content\/p3pnexwpnas10_data02\/06\/42461606\/html\/wp-content\/plugins\/wpmu_dev_maps_plugin\/inc\/class-agm-admin-maps.php","line":706}

May 03 2019 20:55:12
{"type":8,"message":"Undefined index: use_custom_fields","file":"\/home\/content\/p3pnexwpnas10_data02\/06\/42461606\/html\/wp-content\/plugins\/wpmu_dev_maps_plugin\/inc\/class-agm-admin-maps.php","line":706}

May 03 2019 20:55:27
{"type":8,"message":"Undefined index: use_custom_fields","file":"\/home\/content\/p3pnexwpnas10_data02\/06\/42461606\/html\/wp-content\/plugins\/wpmu_dev_maps_plugin\/inc\/class-agm-admin-maps.php","line":706}

May 03 2019 20:55:29
{"type":8,"message":"Undefined index: use_custom_fields","file":"\/home\/content\/p3pnexwpnas10_data02\/06\/42461606\/html\/wp-content\/plugins\/wpmu_dev_maps_plugin\/inc\/class-agm-admin-maps.php","line":706}

May 03 2019 20:55:31
{"type":8,"message":"Undefined index: use_custom_fields","file":"\/home\/content\/p3pnexwpnas10_data02\/06\/42461606\/html\/wp-content\/plugins\/wpmu_dev_maps_plugin\/inc\/class-agm-admin-maps.php","line":706}

May 03 2019 21:54:03
{"type":8,"message":"Undefined index: use_custom_fields","file":"\/home\/content\/p3pnexwpnas10_data02\/06\/42461606\/html\/wp-content\/plugins\/wpmu_dev_maps_plugin\/inc\/class-agm-admin-maps.php","line":706}

May 03 2019 21:54:05
{"type":8,"message":"Undefined index: use_custom_fields","file":"\/home\/content\/p3pnexwpnas10_data02\/06\/42461606\/html\/wp-content\/plugins\/wpmu_dev_maps_plugin\/inc\/class-agm-admin-maps.php","line":706}

May 03 2019 21:54:07
{"type":8,"message":"Undefined index: use_custom_fields","file":"\/home\/content\/p3pnexwpnas10_data02\/06\/42461606\/html\/wp-content\/plugins\/wpmu_dev_maps_plugin\/inc\/class-agm-admin-maps.php","line":706}

May 03 2019 21:54:10
{"type":8,"message":"Undefined index: use_custom_fields","file":"\/home\/content\/p3pnexwpnas10_data02\/06\/42461606\/html\/wp-content\/plugins\/wpmu_dev_maps_plugin\/inc\/class-agm-admin-maps.php","line":706}

May 03 2019 21:54:20
{"type":8,"message":"Undefined index: use_custom_fields","file":"\/home\/content\/p3pnexwpnas10_data02\/06\/42461606\/html\/wp-content\/plugins\/wpmu_dev_maps_plugin\/inc\/class-agm-admin-maps.php","line":706}

May 03 2019 21:54:32
{"type":8,"message":"Undefined index: use_custom_fields","file":"\/home\/content\/p3pnexwpnas10_data02\/06\/42461606\/html\/wp-content\/plugins\/wpmu_dev_maps_plugin\/inc\/class-agm-admin-maps.php","line":706}

May 03 2019 21:54:47
{"type":8,"message":"Undefined index: use_custom_fields","file":"\/home\/content\/p3pnexwpnas10_data02\/06\/42461606\/html\/wp-content\/plugins\/wpmu_dev_maps_plugin\/inc\/class-agm-admin-maps.php","line":706}

May 03 2019 21:54:50
{"type":8,"message":"Undefined index: use_custom_fields","file":"\/home\/content\/p3pnexwpnas10_data02\/06\/42461606\/html\/wp-content\/plugins\/wpmu_dev_maps_plugin\/inc\/class-agm-admin-maps.php","line":706}

May 03 2019 21:55:18
{"type":8,"message":"Undefined index: use_custom_fields","file":"\/home\/content\/p3pnexwpnas10_data02\/06\/42461606\/html\/wp-content\/plugins\/wpmu_dev_maps_plugin\/inc\/class-agm-admin-maps.php","line":706}

May 03 2019 21:55:24
{"type":8,"message":"Undefined index: use_custom_fields","file":"\/home\/content\/p3pnexwpnas10_data02\/06\/42461606\/html\/wp-content\/plugins\/wpmu_dev_maps_plugin\/inc\/class-agm-admin-maps.php","line":706}

May 03 2019 21:55:26
{"type":8,"message":"Undefined index: use_custom_fields","file":"\/home\/content\/p3pnexwpnas10_data02\/06\/42461606\/html\/wp-content\/plugins\/wpmu_dev_maps_plugin\/inc\/class-agm-admin-maps.php","line":706}

